[3450] 27 Aug 07:17:10.739 # Warning: no config file specified, using the default config. In order to specify a config file use redis-server /path/to/redis.conf
[3450] 27 Aug 07:17:10.740 # Unable to set the max number of files limit to 10032 (Operation not permitted), setting the max clients configuration to 3984.
                _._                                                  
           _.-``__ ''-._                                             
      _.-``    `.  `_.  ''-._           Redis 2.8.4 (00000000/0) 64 bit
  .-`` .-```.  ```\/    _.,_ ''-._                                   
 (    '      ,       .-`  | `,    )     Running in stand alone mode
 |`-._`-...-` __...-.``-._|'` _.-'|     Port: 6379
 |    `-._   `._    /     _.-'    |     PID: 3450
  `-._    `-._  `-./  _.-'    _.-'                                   
 |`-._`-._    `-.__.-'    _.-'_.-'|                                  
 |    `-._`-._        _.-'_.-'    |           http://redis.io        
  `-._    `-._`-.__.-'_.-'    _.-'                                   
 |`-._`-._    `-.__.-'    _.-'_.-'|                                  
 |    `-._`-._        _.-'_.-'    |                                  
  `-._    `-._`-.__.-'_.-'    _.-'                                   
      `-._    `-.__.-'    _.-'                                       
          `-._        _.-'                                           
              `-.__.-'                                               

[3450] 27 Aug 07:17:10.740 # Server started, Redis version 2.8.4
[3450] 27 Aug 07:17:10.740 # WARNING overcommit_memory is set to 0! Background save may fail under low memory condition. To fix this issue add 'vm.overcommit_memory = 1' to /etc/sysctl.conf and then reboot or run the command 'sysctl vm.overcommit_memory=1' for this to take effect.
[3450] 27 Aug 07:17:10.763 * DB loaded from disk: 0.022 seconds
[3450] 27 Aug 07:17:10.763 * The server is now ready to accept connections on port 6379
[3450 | signal handler] (1440634703) Received SIGTERM, scheduling shutdown...
[3450] 27 Aug 07:18:23.650 # User requested shutdown...
[3450] 27 Aug 07:18:23.650 * Saving the final RDB snapshot before exiting.
[3450] 27 Aug 07:18:23.712 * DB saved on disk
[3450] 27 Aug 07:18:23.712 # Redis is now ready to exit, bye bye...
